Initializing document watcher...
Document watcher initialized
/User/settings.json: Using EditorConfig core...
student_01_1910f6d20ada/guestbook-frontend/pom.xml: {}
student_01_1910f6d20ada/guestbook-frontend/pom.xml: {}
student_01_1910f6d20ada/guestbook-frontend/pom.xml: {}
student_01_1910f6d20ada/guestbook-frontend/pom.xml: Using EditorConfig core...
student_01_1910f6d20ada/guestbook-frontend/pom.xml: {}
student_01_1910f6d20ada/guestbook-frontend/pom.xml: Using EditorConfig core...
student_01_1910f6d20ada/guestbook-frontend/pom.xml: Using EditorConfig core...
student_01_1910f6d20ada/guestbook-frontend/pom.xml: Using EditorConfig core...
student_01_1910f6d20ada/guestbook-frontend/pom.xml: {}
student_01_1910f6d20ada/guestbook-frontend/pom.xml: {}
student_01_1910f6d20ada/guestbook-frontend/src/main/java/com/example/frontend/OutboundGateway.java: {}
student_01_1910f6d20ada/guestbook-frontend/src/main/java/com/example/frontend/OutboundGateway.java: Using EditorConfig core...
student_01_1910f6d20ada/guestbook-frontend/src/main/java/com/example/frontend/OutboundGateway.java: {}
student_01_1910f6d20ada/guestbook-frontend/src/main/java/com/example/frontend/OutboundGateway.java: {}
student_01_1910f6d20ada/guestbook-frontend/src/main/java/com/example/frontend/OutboundGateway.java: {}
student_01_1910f6d20ada/guestbook-frontend/src/main/java/com/example/frontend/OutboundGateway.java: Using EditorConfig core...
student_01_1910f6d20ada/guestbook-frontend/src/main/java/com/example/frontend/OutboundGateway.java: {}
student_01_1910f6d20ada/guestbook-frontend/src/main/java/com/example/frontend/OutboundGateway.java: Using EditorConfig core...
student_01_1910f6d20ada/guestbook-frontend/src/main/java/com/example/frontend/OutboundGateway.java: Using EditorConfig core...
student_01_1910f6d20ada/guestbook-frontend/src/main/java/com/example/frontend/OutboundGateway.java: {}
student_01_1910f6d20ada/guestbook-frontend/src/main/java/com/example/frontend/OutboundGateway.java: {}
student_01_1910f6d20ada/guestbook-frontend/src/main/java/com/example/frontend/OutboundGateway.java: {}
student_01_1910f6d20ada/guestbook-frontend/src/main/java/com/example/frontend/FrontendController.java: {}
student_01_1910f6d20ada/guestbook-frontend/src/main/java/com/example/frontend/FrontendController.java: {}
student_01_1910f6d20ada/guestbook-frontend/src/main/java/com/example/frontend/FrontendController.java: Using EditorConfig core...
student_01_1910f6d20ada/guestbook-frontend/src/main/java/com/example/frontend/FrontendController.java: {}
student_01_1910f6d20ada/guestbook-frontend/pom.xml: {}
student_01_1910f6d20ada/guestbook-frontend/pom.xml: Using EditorConfig core...
student_01_1910f6d20ada/guestbook-frontend/pom.xml: Using EditorConfig core...
student_01_1910f6d20ada/guestbook-frontend/pom.xml: Using EditorConfig core...
student_01_1910f6d20ada/guestbook-frontend/src/main/java/com/example/frontend/FrontendController.java: {}
student_01_1910f6d20ada/guestbook-frontend/pom.xml: {}
student_01_1910f6d20ada/guestbook-frontend/pom.xml: Using EditorConfig core...
student_01_1910f6d20ada/guestbook-frontend/pom.xml: Using EditorConfig core...
student_01_1910f6d20ada/guestbook-frontend/src/main/java/com/example/frontend/OutboundGateway.java: {}
student_01_1910f6d20ada/guestbook-frontend/src/main/java/com/example/frontend/OutboundGateway.java: Using EditorConfig core...
student_01_1910f6d20ada/guestbook-frontend/src/main/java/com/example/frontend/OutboundGateway.java: Using EditorConfig core...
student_01_1910f6d20ada/guestbook-frontend/src/main/java/com/example/frontend/OutboundGateway.java: Using EditorConfig core...
student_01_1910f6d20ada/guestbook-frontend/src/main/java/com/example/frontend/FrontendController.java: {}
student_01_1910f6d20ada/guestbook-frontend/pom.xml: {}
student_01_1910f6d20ada/guestbook-frontend/pom.xml: {}
student_01_1910f6d20ada/guestbook-frontend/pom.xml: {}
student_01_1910f6d20ada/guestbook-frontend/pom.xml: {}
student_01_1910f6d20ada/guestbook-frontend/pom.xml: {}
student_01_1910f6d20ada/guestbook-frontend/pom.xml: {}
student_01_1910f6d20ada/guestbook-frontend/pom.xml: Using EditorConfig core...
student_01_1910f6d20ada/guestbook-frontend/pom.xml: Using EditorConfig core...
student_01_1910f6d20ada/guestbook-frontend/pom.xml: Using EditorConfig core...
student_01_1910f6d20ada/guestbook-frontend/pom.xml: Using EditorConfig core...
student_01_1910f6d20ada/guestbook-frontend/pom.xml: Using EditorConfig core...
student_01_1910f6d20ada/.vscode/settings.json: Using EditorConfig core...
student_01_1910f6d20ada/guestbook-frontend/src/main/java/com/example/frontend/FrontendApplication.java: {}
student_01_1910f6d20ada/guestbook-frontend/src/main/java/com/example/frontend/FrontendController.java: {}
student_01_1910f6d20ada/guestbook-frontend/src/main/java/com/example/frontend/FrontendApplication.java: {}
student_01_1910f6d20ada/guestbook-frontend/src/main/java/com/example/frontend/FrontendController.java: {}
student_01_1910f6d20ada/guestbook-frontend/src/main/java/com/example/frontend/GuestbookMessage.java: {}
student_01_1910f6d20ada/guestbook-frontend/src/main/java/com/example/frontend/GuestbookMessagesClient.java: {}
student_01_1910f6d20ada/guestbook-frontend/src/main/java/com/example/frontend/OutboundGateway.java: {}
student_01_1910f6d20ada/guestbook-frontend/src/main/java/com/example/frontend/OutboundGateway.java: {}
student_01_1910f6d20ada/guestbook-frontend/src/main/java/com/example/frontend/OutboundGateway.java: {}
student_01_1910f6d20ada/guestbook-frontend/src/main/java/com/example/frontend/OutboundGateway.java: Using EditorConfig core...
student_01_1910f6d20ada/guestbook-frontend/src/main/java/com/example/frontend/FrontendApplication.java: {}
student_01_1910f6d20ada/guestbook-frontend/src/main/java/com/example/frontend/FrontendController.java: {}
student_01_1910f6d20ada/guestbook-frontend/src/main/java/com/example/frontend/FrontendController.java: {}
student_01_1910f6d20ada/guestbook-frontend/src/main/java/com/example/frontend/FrontendController.java: Using EditorConfig core...
student_01_1910f6d20ada/guestbook-frontend/src/main/java/com/example/frontend/FrontendController.java: {}
student_01_1910f6d20ada/guestbook-frontend/src/main/java/com/example/frontend/FrontendController.java: {}
student_01_1910f6d20ada/guestbook-frontend/src/main/java/com/example/frontend/FrontendController.java: Using EditorConfig core...
student_01_1910f6d20ada/guestbook-frontend/src/main/java/com/example/frontend/FrontendController.java: Using EditorConfig core...
student_01_1910f6d20ada/guestbook-frontend/src/main/java/com/example/frontend/FrontendController.java: Using EditorConfig core...
student_01_1910f6d20ada/guestbook-frontend/src/main/java/com/example/frontend/FrontendController.java: {}
student_01_1910f6d20ada/guestbook-frontend/src/main/java/com/example/frontend/FrontendController.java: Using EditorConfig core...
student_01_1910f6d20ada/guestbook-frontend/src/main/java/com/example/frontend/FrontendController.java: {}
student_01_1910f6d20ada/guestbook-frontend/src/main/java/com/example/frontend/FrontendController.java: {}
student_01_1910f6d20ada/guestbook-frontend/src/main/java/com/example/frontend/FrontendController.java: Using EditorConfig core...
student_01_1910f6d20ada/guestbook-frontend/src/main/java/com/example/frontend/FrontendController.java: {}
student_01_1910f6d20ada/guestbook-frontend/src/main/java/com/example/frontend/FrontendController.java: Using EditorConfig core...
student_01_1910f6d20ada/guestbook-frontend/src/main/java/com/example/frontend/FrontendController.java: {}
student_01_1910f6d20ada/guestbook-frontend/src/main/java/com/example/frontend/FrontendApplication.java: {}
student_01_1910f6d20ada/guestbook-frontend/src/main/java/com/example/frontend/FrontendApplication.java: {}
student_01_1910f6d20ada/guestbook-frontend/src/main/java/com/example/frontend/FrontendApplication.java: {}
student_01_1910f6d20ada/guestbook-frontend/src/main/java/com/example/frontend/FrontendApplication.java: Using EditorConfig core...
student_01_1910f6d20ada/guestbook-frontend/src/main/java/com/example/frontend/FrontendApplication.java: Using EditorConfig core...
student_01_1910f6d20ada/guestbook-frontend/src/main/java/com/example/frontend/FrontendApplication.java: {}
student_01_1910f6d20ada/guestbook-frontend/src/main/java/com/example/frontend/FrontendApplication.java: {}
student_01_1910f6d20ada/guestbook-frontend/src/main/java/com/example/frontend/FrontendApplication.java: {}
student_01_1910f6d20ada/guestbook-frontend/src/main/java/com/example/frontend/FrontendApplication.java: Using EditorConfig core...
student_01_1910f6d20ada/guestbook-frontend/src/main/java/com/example/frontend/FrontendApplication.java: {}
student_01_1910f6d20ada/guestbook-frontend/src/main/java/com/example/frontend/FrontendApplication.java: {}
student_01_1910f6d20ada/guestbook-frontend/src/main/java/com/example/frontend/FrontendApplication.java: {}
student_01_1910f6d20ada/guestbook-frontend/src/main/java/com/example/frontend/FrontendApplication.java: {}
student_01_1910f6d20ada/guestbook-frontend/src/main/java/com/example/frontend/FrontendApplication.java: {}
student_01_1910f6d20ada/guestbook-frontend/src/main/java/com/example/frontend/FrontendController.java: {}
student_01_1910f6d20ada/guestbook-frontend/src/main/java/com/example/frontend/FrontendController.java: {}
